[2021-04-26 14:19:39,827] INFO [Controller id=0 epoch=2] Changed partition JSONtopic-0 state from NonExistentPartition to NewPartition with assigned replicas 0 (state.change.logger)
[2021-04-26 14:19:39,829] INFO [Controller id=0 epoch=2] Sending UpdateMetadata request to brokers HashSet() for 0 partitions (state.change.logger)
[2021-04-26 14:19:39,831] INFO [Controller id=0 epoch=2] Sending UpdateMetadata request to brokers HashSet() for 0 partitions (state.change.logger)
[2021-04-26 14:19:39,878] INFO [Controller id=0 epoch=2] Changed partition JSONtopic-0 from NewPartition to OnlinePartition with state LeaderAndIsr(leader=0, leaderEpoch=0, isr=List(0), zkVersion=0) (state.change.logger)
[2021-04-26 14:19:39,879] INFO [Controller id=0 epoch=2] Sending LeaderAndIsr request to broker 0 with 1 become-leader and 0 become-follower partitions (state.change.logger)
[2021-04-26 14:19:39,881] INFO [Controller id=0 epoch=2] Sending UpdateMetadata request to brokers HashSet(0) for 1 partitions (state.change.logger)
[2021-04-26 14:19:39,882] INFO [Controller id=0 epoch=2] Sending UpdateMetadata request to brokers HashSet() for 0 partitions (state.change.logger)
[2021-04-26 14:19:39,887] INFO [Broker id=0] Handling LeaderAndIsr request correlationId 3 from controller 0 for 1 partitions (state.change.logger)
[2021-04-26 14:19:39,890] INFO [Broker id=0] Stopped fetchers as part of LeaderAndIsr request correlationId 3 from controller 0 epoch 2 as part of the become-leader transition for 1 partitions (state.change.logger)
[2021-04-26 14:19:39,905] INFO [Broker id=0] Leader JSONtopic-0 starts at leader epoch 0 from offset 0 with high watermark 0 ISR [0] addingReplicas [] removingReplicas []. Previous leader epoch was -1. (state.change.logger)
[2021-04-26 14:19:39,907] INFO [Broker id=0] Finished LeaderAndIsr request in 20ms correlationId 3 from controller 0 for 1 partitions (state.change.logger)
[2021-04-26 14:19:39,910] INFO [Broker id=0] Add 1 partitions and deleted 0 partitions from metadata cache in response to UpdateMetadata request sent by controller 0 epoch 2 with correlation id 4 (state.change.logger)
[2021-04-26 14:33:27,353] INFO [Controller id=0 epoch=2] Changed partition kafka-0 state from NonExistentPartition to NewPartition with assigned replicas 0 (state.change.logger)
[2021-04-26 14:33:27,355] INFO [Controller id=0 epoch=2] Sending UpdateMetadata request to brokers HashSet() for 0 partitions (state.change.logger)
[2021-04-26 14:33:27,358] INFO [Controller id=0 epoch=2] Sending UpdateMetadata request to brokers HashSet() for 0 partitions (state.change.logger)
[2021-04-26 14:33:27,406] INFO [Controller id=0 epoch=2] Changed partition kafka-0 from NewPartition to OnlinePartition with state LeaderAndIsr(leader=0, leaderEpoch=0, isr=List(0), zkVersion=0) (state.change.logger)
[2021-04-26 14:33:27,407] INFO [Controller id=0 epoch=2] Sending LeaderAndIsr request to broker 0 with 1 become-leader and 0 become-follower partitions (state.change.logger)
[2021-04-26 14:33:27,408] INFO [Controller id=0 epoch=2] Sending UpdateMetadata request to brokers HashSet(0) for 1 partitions (state.change.logger)
[2021-04-26 14:33:27,408] INFO [Controller id=0 epoch=2] Sending UpdateMetadata request to brokers HashSet() for 0 partitions (state.change.logger)
[2021-04-26 14:33:27,411] INFO [Broker id=0] Handling LeaderAndIsr request correlationId 5 from controller 0 for 1 partitions (state.change.logger)
[2021-04-26 14:33:27,415] INFO [Broker id=0] Stopped fetchers as part of LeaderAndIsr request correlationId 5 from controller 0 epoch 2 as part of the become-leader transition for 1 partitions (state.change.logger)
[2021-04-26 14:33:27,424] INFO [Broker id=0] Leader kafka-0 starts at leader epoch 0 from offset 0 with high watermark 0 ISR [0] addingReplicas [] removingReplicas []. Previous leader epoch was -1. (state.change.logger)
[2021-04-26 14:33:27,427] INFO [Broker id=0] Finished LeaderAndIsr request in 15ms correlationId 5 from controller 0 for 1 partitions (state.change.logger)
[2021-04-26 14:33:27,431] INFO [Broker id=0] Add 1 partitions and deleted 0 partitions from metadata cache in response to UpdateMetadata request sent by controller 0 epoch 2 with correlation id 6 (state.change.logger)
[2021-04-26 14:33:44,909] INFO [Controller id=0 epoch=2] Changed partition kafkaaa-0 state from NonExistentPartition to NewPartition with assigned replicas 0 (state.change.logger)
[2021-04-26 14:33:44,910] INFO [Controller id=0 epoch=2] Sending UpdateMetadata request to brokers HashSet() for 0 partitions (state.change.logger)
[2021-04-26 14:33:44,910] INFO [Controller id=0 epoch=2] Sending UpdateMetadata request to brokers HashSet() for 0 partitions (state.change.logger)
[2021-04-26 14:33:44,947] INFO [Controller id=0 epoch=2] Changed partition kafkaaa-0 from NewPartition to OnlinePartition with state LeaderAndIsr(leader=0, leaderEpoch=0, isr=List(0), zkVersion=0) (state.change.logger)
[2021-04-26 14:33:44,948] INFO [Controller id=0 epoch=2] Sending LeaderAndIsr request to broker 0 with 1 become-leader and 0 become-follower partitions (state.change.logger)
[2021-04-26 14:33:44,948] INFO [Controller id=0 epoch=2] Sending UpdateMetadata request to brokers HashSet(0) for 1 partitions (state.change.logger)
[2021-04-26 14:33:44,949] INFO [Broker id=0] Handling LeaderAndIsr request correlationId 7 from controller 0 for 1 partitions (state.change.logger)
[2021-04-26 14:33:44,949] INFO [Controller id=0 epoch=2] Sending UpdateMetadata request to brokers HashSet() for 0 partitions (state.change.logger)
[2021-04-26 14:33:44,951] INFO [Broker id=0] Stopped fetchers as part of LeaderAndIsr request correlationId 7 from controller 0 epoch 2 as part of the become-leader transition for 1 partitions (state.change.logger)
[2021-04-26 14:33:44,959] INFO [Broker id=0] Leader kafkaaa-0 starts at leader epoch 0 from offset 0 with high watermark 0 ISR [0] addingReplicas [] removingReplicas []. Previous leader epoch was -1. (state.change.logger)
[2021-04-26 14:33:44,962] INFO [Broker id=0] Finished LeaderAndIsr request in 13ms correlationId 7 from controller 0 for 1 partitions (state.change.logger)
[2021-04-26 14:33:44,964] INFO [Broker id=0] Add 1 partitions and deleted 0 partitions from metadata cache in response to UpdateMetadata request sent by controller 0 epoch 2 with correlation id 8 (state.change.logger)
[2021-04-26 14:57:06,442] INFO [Controller id=0 epoch=2] Changed partition kafka-9-0 state from NonExistentPartition to NewPartition with assigned replicas 0 (state.change.logger)
[2021-04-26 14:57:06,444] INFO [Controller id=0 epoch=2] Sending UpdateMetadata request to brokers HashSet() for 0 partitions (state.change.logger)
[2021-04-26 14:57:06,445] INFO [Controller id=0 epoch=2] Sending UpdateMetadata request to brokers HashSet() for 0 partitions (state.change.logger)
[2021-04-26 14:57:06,485] INFO [Controller id=0 epoch=2] Changed partition kafka-9-0 from NewPartition to OnlinePartition with state LeaderAndIsr(leader=0, leaderEpoch=0, isr=List(0), zkVersion=0) (state.change.logger)
[2021-04-26 14:57:06,486] INFO [Controller id=0 epoch=2] Sending LeaderAndIsr request to broker 0 with 1 become-leader and 0 become-follower partitions (state.change.logger)
[2021-04-26 14:57:06,489] INFO [Controller id=0 epoch=2] Sending UpdateMetadata request to brokers HashSet(0) for 1 partitions (state.change.logger)
[2021-04-26 14:57:06,490] INFO [Controller id=0 epoch=2] Sending UpdateMetadata request to brokers HashSet() for 0 partitions (state.change.logger)
[2021-04-26 14:57:06,492] INFO [Broker id=0] Handling LeaderAndIsr request correlationId 9 from controller 0 for 1 partitions (state.change.logger)
[2021-04-26 14:57:06,496] INFO [Broker id=0] Stopped fetchers as part of LeaderAndIsr request correlationId 9 from controller 0 epoch 2 as part of the become-leader transition for 1 partitions (state.change.logger)
[2021-04-26 14:57:06,506] INFO [Broker id=0] Leader kafka-9-0 starts at leader epoch 0 from offset 0 with high watermark 0 ISR [0] addingReplicas [] removingReplicas []. Previous leader epoch was -1. (state.change.logger)
[2021-04-26 14:57:06,509] INFO [Broker id=0] Finished LeaderAndIsr request in 18ms correlationId 9 from controller 0 for 1 partitions (state.change.logger)
[2021-04-26 14:57:06,511] INFO [Broker id=0] Add 1 partitions and deleted 0 partitions from metadata cache in response to UpdateMetadata request sent by controller 0 epoch 2 with correlation id 10 (state.change.logger)
